D:\MyProjects\flowersHub\FlowersHub\FlowersHub\clientApp\dist\out-tsc\app\app-routing.module.js
D:\MyProjects\flowersHub\FlowersHub\FlowersHub\clientApp\dist\out-tsc\app\app-routing.module.js.map
D:\MyProjects\flowersHub\FlowersHub\FlowersHub\clientApp\dist\out-tsc\app\app.component.js
D:\MyProjects\flowersHub\FlowersHub\FlowersHub\clientApp\dist\out-tsc\app\app.component.js.map
D:\MyProjects\flowersHub\FlowersHub\FlowersHub\clientApp\dist\out-tsc\app\components\side\side.component.js
D:\MyProjects\flowersHub\FlowersHub\FlowersHub\clientApp\dist\out-tsc\app\components\side\side.component.js.map
D:\MyProjects\flowersHub\FlowersHub\FlowersHub\clientApp\dist\out-tsc\app\components\flower-item\flower-item.component.js
D:\MyProjects\flowersHub\FlowersHub\FlowersHub\clientApp\dist\out-tsc\app\components\flower-item\flower-item.component.js.map
D:\MyProjects\flowersHub\FlowersHub\FlowersHub\clientApp\dist\out-tsc\app\app.module.js
D:\MyProjects\flowersHub\FlowersHub\FlowersHub\clientApp\dist\out-tsc\app\app.module.js.map
D:\MyProjects\flowersHub\FlowersHub\FlowersHub\clientApp\dist\out-tsc\environments\environment.js
D:\MyProjects\flowersHub\FlowersHub\FlowersHub\clientApp\dist\out-tsc\environments\environment.js.map
D:\MyProjects\flowersHub\FlowersHub\FlowersHub\clientApp\dist\out-tsc\main.js
D:\MyProjects\flowersHub\FlowersHub\FlowersHub\clientApp\dist\out-tsc\main.js.map
D:\MyProjects\flowersHub\FlowersHub\FlowersHub\clientApp\dist\out-tsc\polyfills.js
D:\MyProjects\flowersHub\FlowersHub\FlowersHub\clientApp\dist\out-tsc\polyfills.js.map
D:\MyProjects\flowersHub\FlowersHub\FlowersHub\clientApp\dist\out-tsc\test.js
D:\MyProjects\flowersHub\FlowersHub\FlowersHub\clientApp\dist\out-tsc\test.js.map
D:\MyProjects\flowersHub\FlowersHub\FlowersHub\clientApp\dist\out-tsc\app\app.component.spec.js
D:\MyProjects\flowersHub\FlowersHub\FlowersHub\clientApp\dist\out-tsc\app\app.component.spec.js.map
D:\MyProjects\flowersHub\FlowersHub\FlowersHub\clientApp\dist\out-tsc\app\components\flower-item\flower-item.component.spec.js
D:\MyProjects\flowersHub\FlowersHub\FlowersHub\clientApp\dist\out-tsc\app\components\flower-item\flower-item.component.spec.js.map
D:\MyProjects\flowersHub\FlowersHub\FlowersHub\clientApp\dist\out-tsc\app\components\side\side.component.spec.js
D:\MyProjects\flowersHub\FlowersHub\FlowersHub\clientApp\dist\out-tsc\app\components\side\side.component.spec.js.map
D:\MyProjects\flowersHub\FlowersHub\FlowersHub\clientApp\dist\out-tsc\app\services\flower-type.service.js
D:\MyProjects\flowersHub\FlowersHub\FlowersHub\clientApp\dist\out-tsc\app\services\flower-type.service.js.map
D:\MyProjects\flowersHub\FlowersHub\FlowersHub\clientApp\dist\out-tsc\app\services\flower-type.service.spec.js
D:\MyProjects\flowersHub\FlowersHub\FlowersHub\clientApp\dist\out-tsc\app\services\flower-type.service.spec.js.map
D:\MyProjects\flowersHub\FlowersHub\FlowersHub\clientApp\dist\out-tsc\environments\environment.prod.js
D:\MyProjects\flowersHub\FlowersHub\FlowersHub\clientApp\dist\out-tsc\environments\environment.prod.js.map
